[debug] [2018-01-12T18:59:36.916Z] ----------------------------------------------------------------------
[debug] [2018-01-12T18:59:36.916Z] Command:       C:\Program Files\nodejs\node.exe C:\Users\Ire\AppData\Roaming\npm\node_modules\firebase-tools\bin\firebase serve
[debug] [2018-01-12T18:59:36.916Z] CLI Version:   3.16.0
[debug] [2018-01-12T18:59:36.916Z] Platform:      win32
[debug] [2018-01-12T18:59:36.916Z] Node Version:  v8.9.3
[debug] [2018-01-12T18:59:36.916Z] Time:          Fri Jan 12 2018 15:59:36 GMT-0300 (Pacific SA Daylight Time)
[debug] [2018-01-12T18:59:36.916Z] ----------------------------------------------------------------------
[debug] 
[debug] [2018-01-12T18:59:36.931Z] > command requires scopes: ["email","openid","https://www.googleapis.com/auth/cloudplatformprojects.readonly","https://www.googleapis.com/auth/firebase","https://www.googleapis.com/auth/cloud-platform"]
[debug] [2018-01-12T18:59:36.931Z] > authorizing via signed-in user
[debug] [2018-01-12T18:59:36.931Z] >>> HTTP REQUEST GET https://admin.firebase.com/v1/projects/cinematizalo  
  
 Fri Jan 12 2018 15:59:36 GMT-0300 (Pacific SA Daylight Time)
[debug] [2018-01-12T18:59:38.315Z] <<< HTTP RESPONSE 200
[debug] [2018-01-12T18:59:38.315Z] >>> HTTP REQUEST GET https://admin.firebase.com/v1/database/cinematizalo/tokens  
  
 Fri Jan 12 2018 15:59:38 GMT-0300 (Pacific SA Daylight Time)
[debug] [2018-01-12T18:59:48.174Z] <<< HTTP RESPONSE 200
[info] 
[info] === Serving from 'C:\Users\Ire\Desktop\original\cinematizalo'...
[info] 
[debug] [2018-01-12T18:59:48.190Z] >>> HTTP REQUEST GET https://cloudresourcemanager.googleapis.com/v1/projects/cinematizalo  
  
 Fri Jan 12 2018 15:59:48 GMT-0300 (Pacific SA Daylight Time)
[debug] [2018-01-12T18:59:49.556Z] <<< HTTP RESPONSE 200
[debug] [2018-01-12T18:59:49.559Z] >>> HTTP REQUEST GET https://mobilesdk-pa.googleapis.com/v1/projects/479197871140/clients/_:getWebAppConfig  
  
 Fri Jan 12 2018 15:59:49 GMT-0300 (Pacific SA Daylight Time)
[debug] [2018-01-12T18:59:50.174Z] <<< HTTP RESPONSE 200
[info] i  hosting: Serving hosting files from: ./
[info] +  hosting: Local server: http://localhost:5000

